<?xml version="1.0" encoding="UTF-8"?>
<!-- Generated by org.testng.reporters.JUnitReportReporter -->
<testsuite hostname="lenovo" name="AutomationTest" tests="1" failures="0" timestamp="26 Dec 2016 12:45:01 GMT" time="10.921" errors="0">
  <testcase name="oneCanLoginQuizful" time="10.921" classname="AutomationTest"/>
</testsuite> <!-- AutomationTest -->
