<?xml version="1.0" encoding="UTF-8"?>
<!-- Generated by org.testng.reporters.JUnitReportReporter -->
<testsuite hostname="lenovo" name="AutomationTest" tests="3" failures="0" timestamp="27 Dec 2016 07:11:39 GMT" time="4.655" errors="0">
  <testcase name="aTestHomePage" time="2.338" classname="AutomationTest"/>
  <testcase name="cTestCanLoginQuizful" time="1.823" classname="AutomationTest"/>
  <testcase name="bTestSignIn" time="0.494" classname="AutomationTest"/>
</testsuite> <!-- AutomationTest -->
